<?xml version="1.0" encoding="UTF-8"?>
<testng-results ignored="0" total="1" passed="1" failed="0" skipped="0">
  <reporter-output>
  </reporter-output>
  <suite started-at="2022-12-12T16:55:14 IST" name="Default suite" finished-at="2022-12-12T16:55:19 IST" duration-ms="5157">
    <groups>
    </groups>
    <test started-at="2022-12-12T16:55:14 IST" name="Default test" finished-at="2022-12-12T16:55:19 IST" duration-ms="5157">
      <class name="Reliance.reliance_test">
        <test-method signature="date()[pri:0, instance:Reliance.reliance_test@794cb805]" started-at="2022-12-12T16:55:14 IST" name="date" finished-at="2022-12-12T16:55:19 IST" duration-ms="5130" status="PASS">
          <reporter-output>
          </reporter-output>
        </test-method> <!-- date -->
      </class> <!-- Reliance.reliance_test -->
    </test> <!-- Default test -->
  </suite> <!-- Default suite -->
</testng-results>
